../../bin/win32/Debug/simpleGL.ilk
../../bin/win32/Debug/simpleGL.pdb
C:\DOCUMENTS AND SETTINGS\ALL USERS\APPLICATION DATA\NVIDIA CORPORATION\NVIDIA GPU COMPUTING SDK 4.1\C\BIN\WIN32\DEBUG\SIMPLEGL.EXE
C:\DOCUMENTS AND SETTINGS\ALL USERS\APPLICATION DATA\NVIDIA CORPORATION\NVIDIA GPU COMPUTING SDK 4.1\C\BIN\WIN32\DEBUG\SIMPLEGL.ILK
C:\DOCUMENTS AND SETTINGS\ALL USERS\APPLICATION DATA\NVIDIA CORPORATION\NVIDIA GPU COMPUTING SDK 4.1\C\BIN\WIN32\DEBUG\SIMPLEGL.PDB
C:\Documents and Settings\All Users\Application Data\NVIDIA Corporation\NVIDIA GPU Computing SDK 4.1\C\src\simpleGL\../../bin/win32/Debug/simpleGL.exe
C:\Documents and Settings\All Users\Application Data\NVIDIA Corporation\NVIDIA GPU Computing SDK 4.1\C\src\simpleGL\Win32\Debug\cl.command.1.tlog
C:\Documents and Settings\All Users\Application Data\NVIDIA Corporation\NVIDIA GPU Computing SDK 4.1\C\src\simpleGL\Win32\Debug\CL.read.1.tlog
C:\Documents and Settings\All Users\Application Data\NVIDIA Corporation\NVIDIA GPU Computing SDK 4.1\C\src\simpleGL\Win32\Debug\CL.write.1.tlog
C:\Documents and Settings\All Users\Application Data\NVIDIA Corporation\NVIDIA GPU Computing SDK 4.1\C\src\simpleGL\Win32\Debug\link.command.1.tlog
C:\Documents and Settings\All Users\Application Data\NVIDIA Corporation\NVIDIA GPU Computing SDK 4.1\C\src\simpleGL\Win32\Debug\link.read.1.tlog
C:\Documents and Settings\All Users\Application Data\NVIDIA Corporation\NVIDIA GPU Computing SDK 4.1\C\src\simpleGL\Win32\Debug\link.write.1.tlog
C:\Documents and Settings\All Users\Application Data\NVIDIA Corporation\NVIDIA GPU Computing SDK 4.1\C\src\simpleGL\Win32\Debug\mt.command.1.tlog
C:\Documents and Settings\All Users\Application Data\NVIDIA Corporation\NVIDIA GPU Computing SDK 4.1\C\src\simpleGL\Win32\Debug\mt.read.1.tlog
C:\Documents and Settings\All Users\Application Data\NVIDIA Corporation\NVIDIA GPU Computing SDK 4.1\C\src\simpleGL\Win32\Debug\mt.write.1.tlog
C:\DOCUMENTS AND SETTINGS\ALL USERS\APPLICATION DATA\NVIDIA CORPORATION\NVIDIA GPU COMPUTING SDK 4.1\C\SRC\SIMPLEGL\WIN32\DEBUG\RENDERCHECK_GL.OBJ
C:\DOCUMENTS AND SETTINGS\ALL USERS\APPLICATION DATA\NVIDIA CORPORATION\NVIDIA GPU COMPUTING SDK 4.1\C\SRC\SIMPLEGL\WIN32\DEBUG\SIMPLEGL.EXE.INTERMEDIATE.MANIFEST
C:\DOCUMENTS AND SETTINGS\ALL USERS\APPLICATION DATA\NVIDIA CORPORATION\NVIDIA GPU COMPUTING SDK 4.1\C\SRC\SIMPLEGL\WIN32\DEBUG\SIMPLEGL.OBJ
C:\Documents and Settings\All Users\Application Data\NVIDIA Corporation\NVIDIA GPU Computing SDK 4.1\C\src\simpleGL\Win32\Debug\simpleGL_kernel.cu.cache
C:\Documents and Settings\All Users\Application Data\NVIDIA Corporation\NVIDIA GPU Computing SDK 4.1\C\src\simpleGL\Win32\Debug\simpleGL_kernel.cu.obj
C:\Documents and Settings\All Users\Application Data\NVIDIA Corporation\NVIDIA GPU Computing SDK 4.1\C\src\simpleGL\Win32\Debug\vc100.idb
C:\DOCUMENTS AND SETTINGS\ALL USERS\APPLICATION DATA\NVIDIA CORPORATION\NVIDIA GPU COMPUTING SDK 4.1\C\SRC\SIMPLEGL\WIN32\DEBUG\VC100.PDB
